10-22-2023 11:22:26 root:INFO:3732025-Node%20Sans got csrf-token
10-22-2023 11:22:26 root:INFO:loaded user 3732025-Node%20Sans
10-22-2023 11:22:27 root:INFO:3829842-Slain got csrf-token
10-22-2023 11:22:27 root:INFO:loaded user 3829842-Slain
10-22-2023 11:22:27 root:INFO:3949289-myy_%E6%9C%A8%E4%B8%80%E4%B8%80 got csrf-token
10-22-2023 11:22:27 root:INFO:loaded user 3949289-myy_%E6%9C%A8%E4%B8%80%E4%B8%80
10-22-2023 11:22:27 root:INFO:3949394-å¥¥æ–¯è’‚åˆ© got csrf-token
10-22-2023 11:22:27 root:INFO:loaded user 3949394-å¥¥æ–¯è’‚åˆ©
10-22-2023 11:22:27 root:INFO:3949402-å°¼æ°èµ« got csrf-token
10-22-2023 11:22:27 root:INFO:loaded user 3949402-å°¼æ°èµ«
10-22-2023 11:22:28 root:INFO:3949404-åŸåŒ—å¾å…¬æ²¡æˆ‘ç¾ got csrf-token
10-22-2023 11:22:28 root:INFO:loaded user 3949404-åŸåŒ—å¾å…¬æ²¡æˆ‘ç¾
10-22-2023 11:22:28 root:INFO:3949506-å–»çµJf got csrf-token
10-22-2023 11:22:28 root:INFO:loaded user 3949506-å–»çµJf
10-22-2023 11:22:28 root:INFO:3949517-æ–¯å‡¯çº³å¡å®¾ got csrf-token
10-22-2023 11:22:28 root:INFO:loaded user 3949517-æ–¯å‡¯çº³å¡å®¾
10-22-2023 11:22:28 apscheduler.scheduler:INFO:Adding job tentatively -- it will be properly scheduled when the scheduler starts
10-22-2023 11:22:28 apscheduler.scheduler:INFO:Added job "spider" to job store "default"
10-22-2023 11:22:28 apscheduler.scheduler:INFO:Scheduler started
10-22-2023 11:22:28 werkzeug:INFO:[31m[1mWARNING: This is a development server. Do not use it in a production deployment. Use a production WSGI server instead.[0m
 * Running on http://127.0.0.1:5000
10-22-2023 11:22:28 werkzeug:INFO:[33mPress CTRL+C to quit[0m
